<?xml version="1.0" encoding="UTF-8"?>
<testng-results ignored="0" total="1" passed="1" failed="0" skipped="0">
  <reporter-output>
  </reporter-output>
  <suite started-at="2024-05-14T13:22:58 IST" name="Default suite" finished-at="2024-05-14T13:22:58 IST" duration-ms="58">
    <groups>
    </groups>
    <test started-at="2024-05-14T13:22:58 IST" name="Default test" finished-at="2024-05-14T13:22:58 IST" duration-ms="58">
      <class name="script1.Login">
        <test-method signature="logins()[pri:0, instance:script1.Login@48f278eb]" started-at="2024-05-14T13:22:58 IST" name="logins" finished-at="2024-05-14T13:22:58 IST" duration-ms="9" status="PASS">
          <reporter-output>
          </reporter-output>
        </test-method> <!-- logins -->
      </class> <!-- script1.Login -->
    </test> <!-- Default test -->
  </suite> <!-- Default suite -->
</testng-results>
